Using pre-set license
Built from '2021.1/staging' branch; Version is '2021.1.2f1 (e5d502d80fbb) revision 15062274'; Using compiler version '192528614'; Build Type 'Release'
OS: 'Windows 10 Home; OS build 19043.1466; Version 2009; 64bit' Language: 'en' Physical Memory: 16315 MB
BatchMode: 1, IsHumanControllingUs: 0, StartBugReporterOnCrash: 0, Is64bit: 1, IsPro: 0

 COMMAND LINE ARGUMENTS:
E:\Dev\Unity Installs\2021.1.2f1\Editor\Unity.exe
-adb2
-batchMode
-noUpm
-name
AssetImportWorker0
-projectPath
E:/Dev/Tiltan/Shaders/Shaders Final Excercise
-logFile
Logs/AssetImportWorker0.log
-srvPort
50856
Successfully changed project path to: E:/Dev/Tiltan/Shaders/Shaders Final Excercise
E:/Dev/Tiltan/Shaders/Shaders Final Excercise
Using Asset Import Pipeline V2.
Refreshing native plugins compatible for Editor in 60.12 ms, found 1 plugins.
Preloading 0 native plugins for Editor in 0.00 ms.
Initialize engine version: 2021.1.2f1 (e5d502d80fbb)
[Subsystems] Discovering subsystems at path E:/Dev/Unity Installs/2021.1.2f1/Editor/Data/Resources/UnitySubsystems
[Subsystems] Discovering subsystems at path E:/Dev/Tiltan/Shaders/Shaders Final Excercise/Assets
GfxDevice: creating device client; threaded=0; jobified=0
Direct3D:
    Version:  Direct3D 11.0 [level 11.1]
    Renderer: AMD Radeon RX 5600 XT (ID=0x731f)
    Vendor:   ATI
    VRAM:     6103 MB
    Driver:   30.0.14023.3004
Shader 'Custom/1': fallback shader 'StandardSpecular' not found
Initialize mono
Mono path[0] = 'E:/Dev/Unity Installs/2021.1.2f1/Editor/Data/Managed'
Mono path[1] = 'E:/Dev/Unity Installs/2021.1.2f1/Editor/Data/MonoBleedingEdge/lib/mono/unityjit'
Mono config path = 'E:/Dev/Unity Installs/2021.1.2f1/Editor/Data/MonoBleedingEdge/etc'
Using monoOptions --debugger-agent=transport=dt_socket,embedding=1,server=y,suspend=n,address=127.0.0.1:56476
Begin MonoManager ReloadAssembly
Registering precompiled unity dll's ...
Register platform support module: E:/Dev/Unity Installs/2021.1.2f1/Editor/Data/PlaybackEngines/WebGLSupport/UnityEditor.WebGL.Extensions.dll
Register platform support module: E:/Dev/Unity Installs/2021.1.2f1/Editor/Data/PlaybackEngines/WindowsStandaloneSupport/UnityEditor.WindowsStandalone.Extensions.dll
Registered in 0.001415 seconds.
Native extension for WindowsStandalone target not found
Native extension for WebGL target not found
Refreshing native plugins compatible for Editor in 62.57 ms, found 1 plugins.
Preloading 0 native plugins for Editor in 0.00 ms.
Mono: successfully reloaded assembly
- Completed reload, in  1.501 seconds
Platform modules already initialized, skipping
Registering precompiled user dll's ...
Registered in 0.002588 seconds.
Begin MonoManager ReloadAssembly
Native extension for WindowsStandalone target not found
Native extension for WebGL target not found
Refreshing native plugins compatible for Editor in 0.55 ms, found 1 plugins.
Preloading 0 native plugins for Editor in 0.00 ms.
Mono: successfully reloaded assembly
- Completed reload, in  0.844 seconds
Platform modules already initialized, skipping
========================================================================
Worker process is ready to serve import requests
Shader 'Custom/1': fallback shader 'StandardSpecular' not found
Launched and connected shader compiler UnityShaderCompiler.exe after 0.13 seconds
Refreshing native plugins compatible for Editor in 0.53 ms, found 1 plugins.
Preloading 0 native plugins for Editor in 0.00 ms.
Unloading 2671 Unused Serialized files (Serialized files now loaded: 0)
System memory in use before: 100.1 MB.
System memory in use after: 100.3 MB.

Unloading 15 unused Assets to reduce memory usage. Loaded Objects now: 3124.
Total: 2.177700 ms (FindLiveObjects: 0.285800 ms CreateObjectMapping: 0.082300 ms MarkObjects: 1.719400 ms  DeleteObjects: 0.089400 ms)

========================================================================
Received Import Request.
  path: Assets/2
  artifactKey: Guid(98a50b2b814243245acd64fba5207d53) Importer(815301076,1909f56bfc062723c751e8b465ee728b)
Start importing Assets/2 using Guid(98a50b2b814243245acd64fba5207d53) Importer(815301076,1909f56bfc062723c751e8b465ee728b)  -> (artifact id: 'bcc323c74fa8d764ccadce9f513bffb4') in 0.027716 seconds 
========================================================================
Received Prepare
Registering precompiled user dll's ...
Registered in 0.002861 seconds.
Begin MonoManager ReloadAssembly
Native extension for WindowsStandalone target not found
Native extension for WebGL target not found
Refreshing native plugins compatible for Editor in 170.03 ms, found 1 plugins.
Preloading 0 native plugins for Editor in 0.00 ms.
Mono: successfully reloaded assembly
- Completed reload, in  2.918 seconds
Platform modules already initialized, skipping
Shader 'Universal Render Pipeline/Nature/SpeedTree7': dependency 'BillboardShader' shader 'Universal Render Pipeline/Nature/SpeedTree7 Billboard' not found
Shader 'Universal Render Pipeline/Baked Lit': fallback shader 'Universal Render Pipeline/Unlit' not found
Shader 'Universal Render Pipeline/Simple Lit': fallback shader 'Hidden/Universal Render Pipeline/FallbackError' not found
Shader 'Universal Render Pipeline/Terrain/Lit': fallback shader 'Hidden/Universal Render Pipeline/FallbackError' not found
Shader 'Universal Render Pipeline/Terrain/Lit': dependency 'AddPassShader' shader 'Hidden/Universal Render Pipeline/Terrain/Lit (Add Pass)' not found
Shader 'Universal Render Pipeline/Terrain/Lit': dependency 'BaseMapShader' shader 'Hidden/Universal Render Pipeline/Terrain/Lit (Base Pass)' not found
Shader 'Universal Render Pipeline/Terrain/Lit': dependency 'BaseMapGenShader' shader 'Hidden/Universal Render Pipeline/Terrain/Lit (Basemap Gen)' not found
Shader 'Hidden/Universal Render Pipeline/Terrain/Lit (Add Pass)': fallback shader 'Hidden/Universal Render Pipeline/FallbackError' not found
Shader 'Hidden/Universal Render Pipeline/Terrain/Lit (Base Pass)': fallback shader 'Hidden/Universal Render Pipeline/FallbackError' not found
Shader 'Universal Render Pipeline/Particles/Lit': fallback shader 'Universal Render Pipeline/Particles/SimpleLit' not found
Shader 'Custom/1': fallback shader 'StandardSpecular' not found
Shader 'Universal Render Pipeline/Particles/Lit': fallback shader 'Universal Render Pipeline/Particles/SimpleLit' not found
Refreshing native plugins compatible for Editor in 0.94 ms, found 1 plugins.
Preloading 0 native plugins for Editor in 0.00 ms.
Unloading 3934 Unused Serialized files (Serialized files now loaded: 0)
System memory in use before: 151.8 MB.
System memory in use after: 147.7 MB.

Unloading 66 unused Assets to reduce memory usage. Loaded Objects now: 4344.
Total: 3.939100 ms (FindLiveObjects: 0.341900 ms CreateObjectMapping: 0.097700 ms MarkObjects: 2.028000 ms  DeleteObjects: 1.470400 ms)

========================================================================
Received Import Request.
  Time since last request: 285.868321 seconds.
  path: Assets/2/a.mat
  artifactKey: Guid(4e124b82b9bccac49b53763f64c8af0e) Importer(815301076,1909f56bfc062723c751e8b465ee728b)
Start importing Assets/2/a.mat using Guid(4e124b82b9bccac49b53763f64c8af0e) Importer(815301076,1909f56bfc062723c751e8b465ee728b)  -> (artifact id: '8ccf4b474fd2b44a548a8a2f337aa9b8') in 0.107353 seconds 
========================================================================
Received Import Request.
  Time since last request: 8.002771 seconds.
  path: Assets/2/a.shadergraph
  artifactKey: Guid(c3a557a2d018c8045b7c37cc5a21f166) Importer(815301076,1909f56bfc062723c751e8b465ee728b)
Start importing Assets/2/a.shadergraph using Guid(c3a557a2d018c8045b7c37cc5a21f166) Importer(815301076,1909f56bfc062723c751e8b465ee728b)  -> (artifact id: '590a42f4605b0f70dcc59b9034301581') in 0.062001 seconds 
========================================================================
Received Import Request.
  Time since last request: 29.742916 seconds.
  path: Assets/2/a.unity
  artifactKey: Guid(9ca1222af99c13849b59ecc5c3cf06bf) Importer(815301076,1909f56bfc062723c751e8b465ee728b)
Start importing Assets/2/a.unity using Guid(9ca1222af99c13849b59ecc5c3cf06bf) Importer(815301076,1909f56bfc062723c751e8b465ee728b)  -> (artifact id: 'da30b78698eb3db4576a75c35d6e6ecd') in 0.002731 seconds 
========================================================================
Received Import Request.
  Time since last request: 14.310036 seconds.
  path: Assets/2/a 1.mat
  artifactKey: Guid(f1c8fc92f64c0b443aae0ac6b7925f6a) Importer(815301076,1909f56bfc062723c751e8b465ee728b)
Start importing Assets/2/a 1.mat using Guid(f1c8fc92f64c0b443aae0ac6b7925f6a) Importer(815301076,1909f56bfc062723c751e8b465ee728b)  -> (artifact id: '84d848d70121c7ab2fb7b4fb72ad474d') in 0.018911 seconds 
========================================================================
Received Import Request.
  Time since last request: 77.613487 seconds.
  path: Assets/2/93414262_2896235500491004_6718223561351233536_o.jpg
  artifactKey: Guid(5da10607d14d8284aa7823626b66fdb0) Importer(815301076,1909f56bfc062723c751e8b465ee728b)
Start importing Assets/2/93414262_2896235500491004_6718223561351233536_o.jpg using Guid(5da10607d14d8284aa7823626b66fdb0) Importer(815301076,1909f56bfc062723c751e8b465ee728b)  -> (artifact id: 'fdafd2d3cca4fcb4a8c882cc9b4867df') in 0.040480 seconds 
========================================================================
Received Import Request.
  Time since last request: 0.000235 seconds.
  path: Assets/2/mister ihuana.jpg
  artifactKey: Guid(9561fd529269ab9459f89132f6a4aa35) Importer(815301076,1909f56bfc062723c751e8b465ee728b)
Start importing Assets/2/mister ihuana.jpg using Guid(9561fd529269ab9459f89132f6a4aa35) Importer(815301076,1909f56bfc062723c751e8b465ee728b)  -> (artifact id: '0efa41a03769a10ee934bc4079806d0d') in 0.031546 seconds 
========================================================================
Received Import Request.
  Time since last request: 33.634905 seconds.
  path: Assets/2/a.shadergraph
  artifactKey: Guid(c3a557a2d018c8045b7c37cc5a21f166) Importer(815301076,1909f56bfc062723c751e8b465ee728b)
Start importing Assets/2/a.shadergraph using Guid(c3a557a2d018c8045b7c37cc5a21f166) Importer(815301076,1909f56bfc062723c751e8b465ee728b)  -> (artifact id: 'cbf0cf74f3b73d38a62fb76bccdd9354') in 0.004075 seconds 
========================================================================
Received Prepare
Registering precompiled user dll's ...
Registered in 0.002874 seconds.
Begin MonoManager ReloadAssembly
Native extension for WindowsStandalone target not found
Native extension for WebGL target not found
Refreshing native plugins compatible for Editor in 0.75 ms, found 1 plugins.
Preloading 0 native plugins for Editor in 0.00 ms.
Mono: successfully reloaded assembly
- Completed reload, in  0.839 seconds
Platform modules already initialized, skipping
Shader 'Universal Render Pipeline/Particles/Lit': fallback shader 'Universal Render Pipeline/Particles/SimpleLit' not found
Shader 'Custom/1': fallback shader 'StandardSpecular' not found
Shader 'Universal Render Pipeline/Particles/Lit': fallback shader 'Universal Render Pipeline/Particles/SimpleLit' not found
Refreshing native plugins compatible for Editor in 0.75 ms, found 1 plugins.
Preloading 0 native plugins for Editor in 0.00 ms.
Unloading 3937 Unused Serialized files (Serialized files now loaded: 0)
System memory in use before: 159.5 MB.
System memory in use after: 155.4 MB.

Unloading 65 unused Assets to reduce memory usage. Loaded Objects now: 4420.
Total: 3.946800 ms (FindLiveObjects: 0.373700 ms CreateObjectMapping: 0.099300 ms MarkObjects: 2.034200 ms  DeleteObjects: 1.439100 ms)

========================================================================
Received Import Request.
  Time since last request: 143.037364 seconds.
  path: Assets/2/a.asset
  artifactKey: Guid(64815e99432035049b8fde30a4bf7f58) Importer(815301076,1909f56bfc062723c751e8b465ee728b)
Start importing Assets/2/a.asset using Guid(64815e99432035049b8fde30a4bf7f58) Importer(815301076,1909f56bfc062723c751e8b465ee728b)  -> (artifact id: '6e630998708d422740a0ae7d655129c6') in 0.029737 seconds 
========================================================================
Received Import Request.
  Time since last request: 0.000145 seconds.
  path: Assets/2/a_Renderer.asset
  artifactKey: Guid(bdaaeed404efe4e4397e1a288e51621f) Importer(815301076,1909f56bfc062723c751e8b465ee728b)
Start importing Assets/2/a_Renderer.asset using Guid(bdaaeed404efe4e4397e1a288e51621f) Importer(815301076,1909f56bfc062723c751e8b465ee728b)  -> (artifact id: '2056fba908e4e1ee4149a1e7b8e314fb') in 0.011226 seconds 
========================================================================
Received Prepare
Shader 'Universal Render Pipeline/Particles/Lit': fallback shader 'Universal Render Pipeline/Particles/SimpleLit' not found
Shader 'Custom/1': fallback shader 'StandardSpecular' not found
Shader 'Universal Render Pipeline/Particles/Lit': fallback shader 'Universal Render Pipeline/Particles/SimpleLit' not found
Refreshing native plugins compatible for Editor in 2.32 ms, found 1 plugins.
Preloading 0 native plugins for Editor in 0.00 ms.
Unloading 66 Unused Serialized files (Serialized files now loaded: 0)
System memory in use before: 82.9 MB.
System memory in use after: 79.4 MB.

Unloading 54 unused Assets to reduce memory usage. Loaded Objects now: 4432.
Total: 4.003100 ms (FindLiveObjects: 0.426600 ms CreateObjectMapping: 0.089700 ms MarkObjects: 2.150700 ms  DeleteObjects: 1.334600 ms)

========================================================================
Received Import Request.
  Time since last request: 27.177899 seconds.
  path: Assets/2/93414262_2896235500491004_6718223561351233536_o.jpg
  artifactKey: Guid(5da10607d14d8284aa7823626b66fdb0) Importer(815301076,1909f56bfc062723c751e8b465ee728b)
Start importing Assets/2/93414262_2896235500491004_6718223561351233536_o.jpg using Guid(5da10607d14d8284aa7823626b66fdb0) Importer(815301076,1909f56bfc062723c751e8b465ee728b)  -> (artifact id: '3796c5d3f8cc0ddbcd4d147fa655a4e2') in 0.025884 seconds 
========================================================================
Received Import Request.
  Time since last request: 0.000195 seconds.
  path: Assets/2/a.asset
  artifactKey: Guid(64815e99432035049b8fde30a4bf7f58) Importer(815301076,1909f56bfc062723c751e8b465ee728b)
Start importing Assets/2/a.asset using Guid(64815e99432035049b8fde30a4bf7f58) Importer(815301076,1909f56bfc062723c751e8b465ee728b)  -> (artifact id: '5969d649c9b110f08fb5f58ded5d4e1a') in 0.003827 seconds 
========================================================================
Received Import Request.
  Time since last request: 0.000164 seconds.
  path: Assets/2/a_Renderer.asset
  artifactKey: Guid(bdaaeed404efe4e4397e1a288e51621f) Importer(815301076,1909f56bfc062723c751e8b465ee728b)
Start importing Assets/2/a_Renderer.asset using Guid(bdaaeed404efe4e4397e1a288e51621f) Importer(815301076,1909f56bfc062723c751e8b465ee728b)  -> (artifact id: 'f580262979812bee616776223afd2aaf') in 0.004367 seconds 
========================================================================
Received Import Request.
  Time since last request: 0.000142 seconds.
  path: Assets/2/mister ihuana.jpg
  artifactKey: Guid(9561fd529269ab9459f89132f6a4aa35) Importer(815301076,1909f56bfc062723c751e8b465ee728b)
Start importing Assets/2/mister ihuana.jpg using Guid(9561fd529269ab9459f89132f6a4aa35) Importer(815301076,1909f56bfc062723c751e8b465ee728b)  -> (artifact id: '0ef5475e6136532de38429938f399c60') in 0.009779 seconds 
========================================================================
Received Import Request.
  Time since last request: 0.000153 seconds.
  path: Assets/2/a.mat
  artifactKey: Guid(4e124b82b9bccac49b53763f64c8af0e) Importer(815301076,1909f56bfc062723c751e8b465ee728b)
Start importing Assets/2/a.mat using Guid(4e124b82b9bccac49b53763f64c8af0e) Importer(815301076,1909f56bfc062723c751e8b465ee728b) Shader error in 'Shader Graphs/a': Couldn't open include file 'Packages/com.unity.render-pipelines.core/ShaderLibrary/Color.hlsl'. at line 84

Compiling Vertex program with _ADDITIONAL_LIGHTS
Platform defines: UNITY_ENABLE_REFLECTION_BUFFERS UNITY_USE_DITHER_MASK_FOR_ALPHABLENDED_SHADOWS UNITY_PBS_USE_BRDF1 UNITY_SPECCUBE_BOX_PROJECTION UNITY_SPECCUBE_BLENDING UNITY_ENABLE_DETAIL_NORMALMAP SHADER_API_DESKTOP UNITY_COLORSPACE_GAMMA UNITY_LIGHT_PROBE_PROXY_VOLUME UNITY_LIGHTMAP_FULL_HDR
Disabled keywords: DOTS_INSTANCING_ON _SCREEN_SPACE_OCCLUSION LIGHTMAP_ON DIRLIGHTMAP_COMBINED _MAIN_LIGHT_SHADOWS _MAIN_LIGHT_SHADOWS_CASCADE _MAIN_LIGHT_SHADOWS_SCREEN _ADDITIONAL_LIGHTS_VERTEX _ADDITIONAL_OFF _ADDITIONAL_LIGHT_SHADOWS _SHADOWS_SOFT LIGHTMAP_SHADOW_MIXING SHADOWS_SHADOWMASK INSTANCING_ON FOG_LINEAR FOG_EXP FOG_EXP2 UNITY_NO_DXT5nm UNITY_ENABLE_NATIVE_SHADOW_LOOKUPS UNITY_METAL_SHADOWS_USE_POINT_FILTERING UNITY_NO_SCREENSPACE_SHADOWS UNITY_PBS_USE_BRDF2 UNITY_PBS_USE_BRDF3 UNITY_NO_FULL_STANDARD_SHADER UNITY_HARDWARE_TIER1 UNITY_HARDWARE_TIER2 UNITY_HARDWARE_TIER3 UNITY_HALF_PRECISION_FRAGMENT_SHADER_REGISTERS UNITY_LIGHTMAP_DLDR_ENCODING UNITY_LIGHTMAP_RGBM_ENCODING UNITY_VIRTUAL_TEXTURING UNITY_PRETRANSFORM_TO_DISPLAY_ORIENTATION UNITY_ASTC_NORMALMAP_ENCODING SHADER_API_GLES30

Shader error in 'Shader Graphs/a': Couldn't open include file 'Packages/com.unity.render-pipelines.core/ShaderLibrary/Color.hlsl'. at line 84

Compiling Vertex program with _ADDITIONAL_LIGHTS
Platform defines: UNITY_ENABLE_REFLECTION_BUFFERS UNITY_USE_DITHER_MASK_FOR_ALPHABLENDED_SHADOWS UNITY_PBS_USE_BRDF1 UNITY_SPECCUBE_BOX_PROJECTION UNITY_SPECCUBE_BLENDING UNITY_ENABLE_DETAIL_NORMALMAP SHADER_API_DESKTOP UNITY_COLORSPACE_GAMMA UNITY_LIGHT_PROBE_PROXY_VOLUME UNITY_LIGHTMAP_FULL_HDR
Disabled keywords: DOTS_INSTANCING_ON _SCREEN_SPACE_OCCLUSION LIGHTMAP_ON DIRLIGHTMAP_COMBINED _MAIN_LIGHT_SHADOWS _MAIN_LIGHT_SHADOWS_CASCADE _MAIN_LIGHT_SHADOWS_SCREEN _ADDITIONAL_LIGHTS_VERTEX _ADDITIONAL_OFF _ADDITIONAL_LIGHT_SHADOWS _SHADOWS_SOFT LIGHTMAP_SHADOW_MIXING SHADOWS_SHADOWMASK INSTANCING_ON FOG_LINEAR FOG_EXP FOG_EXP2 UNITY_NO_DXT5nm UNITY_ENABLE_NATIVE_SHADOW_LOOKUPS UNITY_METAL_SHADOWS_USE_POINT_FILTERING UNITY_NO_SCREENSPACE_SHADOWS UNITY_PBS_USE_BRDF2 UNITY_PBS_USE_BRDF3 UNITY_NO_FULL_STANDARD_SHADER UNITY_HARDWARE_TIER1 UNITY_HARDWARE_TIER2 UNITY_HARDWARE_TIER3 UNITY_HALF_PRECISION_FRAGMENT_SHADER_REGISTERS UNITY_LIGHTMAP_DLDR_ENCODING UNITY_LIGHTMAP_RGBM_ENCODING UNITY_VIRTUAL_TEXTURING UNITY_PRETRANSFORM_TO_DISPLAY_ORIENTATION UNITY_ASTC_NORMALMAP_ENCODING SHADER_API_GLES30

 -> (artifact id: '6e92656baa1fecc967512411f2e0a9bc') in 0.151617 seconds 
========================================================================
Received Prepare
Registering precompiled user dll's ...
Registered in 0.002657 seconds.
Begin MonoManager ReloadAssembly
Native extension for WindowsStandalone target not found
Native extension for WebGL target not found
Refreshing native plugins compatible for Editor in 0.74 ms, found 1 plugins.
Preloading 0 native plugins for Editor in 0.00 ms.
Mono: successfully reloaded assembly
- Completed reload, in  0.889 seconds
Platform modules already initialized, skipping
Shader 'Universal Render Pipeline/Particles/Lit': fallback shader 'Universal Render Pipeline/Particles/SimpleLit' not found
Shader 'Custom/1': fallback shader 'StandardSpecular' not found
Shader 'Universal Render Pipeline/Particles/Lit': fallback shader 'Universal Render Pipeline/Particles/SimpleLit' not found
Refreshing native plugins compatible for Editor in 0.72 ms, found 1 plugins.
Preloading 0 native plugins for Editor in 0.00 ms.
Unloading 3926 Unused Serialized files (Serialized files now loaded: 0)
System memory in use before: 161.8 MB.
System memory in use after: 158.3 MB.

Unloading 58 unused Assets to reduce memory usage. Loaded Objects now: 4502.
Total: 4.334400 ms (FindLiveObjects: 0.396300 ms CreateObjectMapping: 0.110100 ms MarkObjects: 2.184100 ms  DeleteObjects: 1.642400 ms)

========================================================================
Received Import Request.
  Time since last request: 106.984541 seconds.
  path: Assets/1/1381607_584749494895321_793882434_n.png
  artifactKey: Guid(d7f79f8bcf16c064d855969824502bc8) Importer(815301076,1909f56bfc062723c751e8b465ee728b)
Start importing Assets/1/1381607_584749494895321_793882434_n.png using Guid(d7f79f8bcf16c064d855969824502bc8) Importer(815301076,1909f56bfc062723c751e8b465ee728b)  -> (artifact id: 'c41c5eb34a275fc8044b222b069a48de') in 0.079565 seconds 
========================================================================
Received Import Request.
  Time since last request: 0.000178 seconds.
  path: Assets/1/Custom_b.mat
  artifactKey: Guid(5d8aa799c4b73dd4ea7ad00fb9a04586) Importer(815301076,1909f56bfc062723c751e8b465ee728b)
Start importing Assets/1/Custom_b.mat using Guid(5d8aa799c4b73dd4ea7ad00fb9a04586) Importer(815301076,1909f56bfc062723c751e8b465ee728b)  -> (artifact id: '285839d7b2c1ab7e3ae08405212cb7d7') in 0.140670 seconds 
========================================================================
Received Import Request.
  Time since last request: 0.000140 seconds.
  path: Assets/1/Custom_a.mat
  artifactKey: Guid(51feef85c1f50b24c8f9d0541553c473) Importer(815301076,1909f56bfc062723c751e8b465ee728b)
Start importing Assets/1/Custom_a.mat using Guid(51feef85c1f50b24c8f9d0541553c473) Importer(815301076,1909f56bfc062723c751e8b465ee728b)  -> (artifact id: 'e928cfef0afee9caa581015b5bd596c5') in 0.103742 seconds 
========================================================================
Received Import Request.
  Time since last request: 0.000140 seconds.
  path: Assets/1/H2x1_NSwitchDS_NightIntheWoods_image1600w.jpg
  artifactKey: Guid(ed5f1b17856336c4ba97affc3f140225) Importer(815301076,1909f56bfc062723c751e8b465ee728b)
Start importing Assets/1/H2x1_NSwitchDS_NightIntheWoods_image1600w.jpg using Guid(ed5f1b17856336c4ba97affc3f140225) Importer(815301076,1909f56bfc062723c751e8b465ee728b)  -> (artifact id: '19aeed7f7e8ea675ea19fe5c04ec91a4') in 0.013269 seconds 
========================================================================
Received Import Request.
  Time since last request: 0.000173 seconds.
  path: Assets/1/Custom_c.mat
  artifactKey: Guid(48df86ab7967b0240a92df9350dec87c) Importer(815301076,1909f56bfc062723c751e8b465ee728b)
Start importing Assets/1/Custom_c.mat using Guid(48df86ab7967b0240a92df9350dec87c) Importer(815301076,1909f56bfc062723c751e8b465ee728b)  -> (artifact id: '9a3f6b5ab0ef49034544e52f6a761583') in 0.026627 seconds 
========================================================================
Received Import Request.
  Time since last request: 27.397262 seconds.
  path: Assets/extra/1.compute
  artifactKey: Guid(0756f5ff39c2011478efd57398eafe34) Importer(815301076,1909f56bfc062723c751e8b465ee728b)
Start importing Assets/extra/1.compute using Guid(0756f5ff39c2011478efd57398eafe34) Importer(815301076,1909f56bfc062723c751e8b465ee728b)  -> (artifact id: '236278b350af1a19dc92fd5d5ca6ff0c') in 0.015925 seconds 
========================================================================
Received Import Request.
  Time since last request: 0.000133 seconds.
  path: Assets/extra/4a13206ae07a8a87cd209202f2cc386a.jpg
  artifactKey: Guid(bc3e0c55442aebf4f933260b729ed8ab) Importer(815301076,1909f56bfc062723c751e8b465ee728b)
Start importing Assets/extra/4a13206ae07a8a87cd209202f2cc386a.jpg using Guid(bc3e0c55442aebf4f933260b729ed8ab) Importer(815301076,1909f56bfc062723c751e8b465ee728b)  -> (artifact id: '51f962fd42152a816c56eadb537bc83d') in 0.009364 seconds 
========================================================================
Received Import Request.
  Time since last request: 56.927856 seconds.
  path: Assets/1/a.shader
  artifactKey: Guid(2a42877e34b4f2045b8a7d7315f1f6ac) Importer(815301076,1909f56bfc062723c751e8b465ee728b)
Start importing Assets/1/a.shader using Guid(2a42877e34b4f2045b8a7d7315f1f6ac) Importer(815301076,1909f56bfc062723c751e8b465ee728b)  -> (artifact id: '5bc8de183365c1fc7986a3e4f984f4db') in 0.011222 seconds 
========================================================================
Received Prepare
Registering precompiled user dll's ...
Registered in 0.003426 seconds.
Begin MonoManager ReloadAssembly
Native extension for WindowsStandalone target not found
Native extension for WebGL target not found
Refreshing native plugins compatible for Editor in 0.76 ms, found 1 plugins.
Preloading 0 native plugins for Editor in 0.00 ms.
Mono: successfully reloaded assembly
- Completed reload, in  0.914 seconds
Platform modules already initialized, skipping
Shader 'Universal Render Pipeline/Particles/Lit': fallback shader 'Universal Render Pipeline/Particles/SimpleLit' not found
Shader 'Universal Render Pipeline/Particles/Lit': fallback shader 'Universal Render Pipeline/Particles/SimpleLit' not found
Shader 'Custom/1': fallback shader 'StandardSpecular' not found
Refreshing native plugins compatible for Editor in 0.86 ms, found 1 plugins.
Preloading 0 native plugins for Editor in 0.00 ms.
Unloading 3927 Unused Serialized files (Serialized files now loaded: 0)
System memory in use before: 165.3 MB.
System memory in use after: 161.8 MB.

Unloading 56 unused Assets to reduce memory usage. Loaded Objects now: 4587.
Total: 4.088100 ms (FindLiveObjects: 0.414500 ms CreateObjectMapping: 0.099000 ms MarkObjects: 2.205600 ms  DeleteObjects: 1.367800 ms)

========================================================================
Received Import Request.
  Time since last request: 32.951235 seconds.
  path: Assets/1/Custom_a.mat
  artifactKey: Guid(51feef85c1f50b24c8f9d0541553c473) Importer(815301076,1909f56bfc062723c751e8b465ee728b)
Start importing Assets/1/Custom_a.mat using Guid(51feef85c1f50b24c8f9d0541553c473) Importer(815301076,1909f56bfc062723c751e8b465ee728b)  -> (artifact id: '86a69cff793fee9bb0464019d37f9894') in 0.148855 seconds 
========================================================================
Received Prepare
Registering precompiled user dll's ...
Registered in 0.002940 seconds.
Begin MonoManager ReloadAssembly
Native extension for WindowsStandalone target not found
Native extension for WebGL target not found
Refreshing native plugins compatible for Editor in 0.74 ms, found 1 plugins.
Preloading 0 native plugins for Editor in 0.00 ms.
Mono: successfully reloaded assembly
- Completed reload, in  0.877 seconds
Platform modules already initialized, skipping
Shader 'Universal Render Pipeline/Particles/Lit': fallback shader 'Universal Render Pipeline/Particles/SimpleLit' not found
Shader 'Universal Render Pipeline/Particles/Lit': fallback shader 'Universal Render Pipeline/Particles/SimpleLit' not found
Shader 'Custom/1': fallback shader 'StandardSpecular' not found
Refreshing native plugins compatible for Editor in 0.75 ms, found 1 plugins.
Preloading 0 native plugins for Editor in 0.00 ms.
Unloading 3924 Unused Serialized files (Serialized files now loaded: 0)
System memory in use before: 165.3 MB.
System memory in use after: 161.8 MB.

Unloading 56 unused Assets to reduce memory usage. Loaded Objects now: 4626.
Total: 4.403500 ms (FindLiveObjects: 0.526200 ms CreateObjectMapping: 0.099600 ms MarkObjects: 2.328600 ms  DeleteObjects: 1.448300 ms)

========================================================================
Received Import Request.
  Time since last request: 28.828618 seconds.
  path: Assets/1/Custom_a.mat
  artifactKey: Guid(51feef85c1f50b24c8f9d0541553c473) Importer(815301076,1909f56bfc062723c751e8b465ee728b)
Start importing Assets/1/Custom_a.mat using Guid(51feef85c1f50b24c8f9d0541553c473) Importer(815301076,1909f56bfc062723c751e8b465ee728b)  -> (artifact id: '3dccfd33aa971c1bce90757e568036cf') in 0.142708 seconds 
========================================================================
Received Import Request.
  Time since last request: 17.809213 seconds.
  path: Assets/1/Custom_a.mat
  artifactKey: Guid(51feef85c1f50b24c8f9d0541553c473) Importer(815301076,1909f56bfc062723c751e8b465ee728b)
Start importing Assets/1/Custom_a.mat using Guid(51feef85c1f50b24c8f9d0541553c473) Importer(815301076,1909f56bfc062723c751e8b465ee728b)  -> (artifact id: 'd60b1cc13e89f147938efc65d333ed5d') in 0.008548 seconds 
========================================================================
Received Import Request.
  Time since last request: 115.817711 seconds.
  path: Assets/1/b.shader
  artifactKey: Guid(78094ea240579da42ac4c8b65f02ecf9) Importer(815301076,1909f56bfc062723c751e8b465ee728b)
Start importing Assets/1/b.shader using Guid(78094ea240579da42ac4c8b65f02ecf9) Importer(815301076,1909f56bfc062723c751e8b465ee728b)  -> (artifact id: 'f421c9e9902f175da01d632f05a89f7c') in 0.005255 seconds 
========================================================================
Received Import Request.
  Time since last request: 0.747060 seconds.
  path: Assets/1/c.shader
  artifactKey: Guid(b0d75446f58330f4fbd1adb4925d91c5) Importer(815301076,1909f56bfc062723c751e8b465ee728b)
Start importing Assets/1/c.shader using Guid(b0d75446f58330f4fbd1adb4925d91c5) Importer(815301076,1909f56bfc062723c751e8b465ee728b)  -> (artifact id: 'a7b8969eb1ee05b7a7fc1e41fd9026e6') in 0.005112 seconds 
========================================================================
Received Import Request.
  Time since last request: 182.530577 seconds.
  path: Assets/1/a.shader
  artifactKey: Guid(2a42877e34b4f2045b8a7d7315f1f6ac) Importer(815301076,1909f56bfc062723c751e8b465ee728b)
Start importing Assets/1/a.shader using Guid(2a42877e34b4f2045b8a7d7315f1f6ac) Importer(815301076,1909f56bfc062723c751e8b465ee728b)  -> (artifact id: '291c48b45147cb16590a9c161b46ccc4') in 0.005123 seconds 
========================================================================
Received Import Request.
  Time since last request: 10.914864 seconds.
  path: Assets/1/a.shader
  artifactKey: Guid(2a42877e34b4f2045b8a7d7315f1f6ac) Importer(815301076,1909f56bfc062723c751e8b465ee728b)
Start importing Assets/1/a.shader using Guid(2a42877e34b4f2045b8a7d7315f1f6ac) Importer(815301076,1909f56bfc062723c751e8b465ee728b)  -> (artifact id: 'bee323d01d92223ff8370171a9831b7d') in 0.002242 seconds 
========================================================================
Received Import Request.
  Time since last request: 11.476471 seconds.
  path: Assets/1/a.shader
  artifactKey: Guid(2a42877e34b4f2045b8a7d7315f1f6ac) Importer(815301076,1909f56bfc062723c751e8b465ee728b)
Start importing Assets/1/a.shader using Guid(2a42877e34b4f2045b8a7d7315f1f6ac) Importer(815301076,1909f56bfc062723c751e8b465ee728b)  -> (artifact id: '06c34a52e2ee7c15b364759d36e268bf') in 0.002370 seconds 
========================================================================
Received Import Request.
  Time since last request: 12.189961 seconds.
  path: Assets/1/a.shader
  artifactKey: Guid(2a42877e34b4f2045b8a7d7315f1f6ac) Importer(815301076,1909f56bfc062723c751e8b465ee728b)
Start importing Assets/1/a.shader using Guid(2a42877e34b4f2045b8a7d7315f1f6ac) Importer(815301076,1909f56bfc062723c751e8b465ee728b)  -> (artifact id: '5ec77703e91e5ad7e60f711e7f6c72bf') in 0.002306 seconds 
========================================================================
Received Import Request.
  Time since last request: 104.487357 seconds.
  path: Assets/1/a.shader
  artifactKey: Guid(2a42877e34b4f2045b8a7d7315f1f6ac) Importer(815301076,1909f56bfc062723c751e8b465ee728b)
Start importing Assets/1/a.shader using Guid(2a42877e34b4f2045b8a7d7315f1f6ac) Importer(815301076,1909f56bfc062723c751e8b465ee728b)  -> (artifact id: 'c081dc50a18ab5f56e46c937fc7e60a7') in 0.002233 seconds 
========================================================================
Received Import Request.
  Time since last request: 80.161743 seconds.
  path: Assets/1/a.shader
  artifactKey: Guid(2a42877e34b4f2045b8a7d7315f1f6ac) Importer(815301076,1909f56bfc062723c751e8b465ee728b)
Start importing Assets/1/a.shader using Guid(2a42877e34b4f2045b8a7d7315f1f6ac) Importer(815301076,1909f56bfc062723c751e8b465ee728b)  -> (artifact id: '6fbfe15826be6de71ccf7ce2b2bdf662') in 0.002412 seconds 
========================================================================
Received Prepare
Switching render pipeline 64815e99432035049b8fde30a4bf7f58 -> 00000000000000000000000000000000
Shader 'Universal Render Pipeline/Particles/Lit': fallback shader 'Universal Render Pipeline/Particles/SimpleLit' not found
Shader 'Universal Render Pipeline/Particles/Lit': fallback shader 'Universal Render Pipeline/Particles/SimpleLit' not found
Shader 'Custom/1': fallback shader 'StandardSpecular' not found
Refreshing native plugins compatible for Editor in 2.24 ms, found 1 plugins.
Preloading 0 native plugins for Editor in 0.00 ms.
Unloading 54 Unused Serialized files (Serialized files now loaded: 0)
System memory in use before: 88.8 MB.
System memory in use after: 85.3 MB.

Unloading 54 unused Assets to reduce memory usage. Loaded Objects now: 4668.
Total: 4.483300 ms (FindLiveObjects: 0.386200 ms CreateObjectMapping: 0.096000 ms MarkObjects: 2.616300 ms  DeleteObjects: 1.384000 ms)

========================================================================
Received Import Request.
  Time since last request: 131.508291 seconds.
  path: Assets/Scenes
  artifactKey: Guid(7e14fe1ba807ffe4dbf9ff3f86427b75) Importer(815301076,1909f56bfc062723c751e8b465ee728b)
Start importing Assets/Scenes using Guid(7e14fe1ba807ffe4dbf9ff3f86427b75) Importer(815301076,1909f56bfc062723c751e8b465ee728b)  -> (artifact id: 'ae10a75a920c238ad07c23bafcf72c78') in 0.005589 seconds 
========================================================================
Received Import Request.
  Time since last request: 1.609574 seconds.
  path: Assets/Scenes/2_a.unity
  artifactKey: Guid(0ba425f8a9c6fff41a003dd7cc54106f) Importer(815301076,1909f56bfc062723c751e8b465ee728b)
Start importing Assets/Scenes/2_a.unity using Guid(0ba425f8a9c6fff41a003dd7cc54106f) Importer(815301076,1909f56bfc062723c751e8b465ee728b)  -> (artifact id: '586c1bd027500a8debce90463c4ac81e') in 0.005745 seconds 
========================================================================
Received Prepare
Registering precompiled user dll's ...
Registered in 0.002605 seconds.
Begin MonoManager ReloadAssembly
Native extension for WindowsStandalone target not found
Native extension for WebGL target not found
Refreshing native plugins compatible for Editor in 63.71 ms, found 1 plugins.
Preloading 0 native plugins for Editor in 0.00 ms.
Mono: successfully reloaded assembly
- Completed reload, in  0.872 seconds
Platform modules already initialized, skipping
Switching render pipeline 64815e99432035049b8fde30a4bf7f58 -> 00000000000000000000000000000000
Shader 'Custom/1': fallback shader 'StandardSpecular' not found
Refreshing native plugins compatible for Editor in 0.88 ms, found 1 plugins.
Preloading 0 native plugins for Editor in 0.00 ms.
Unloading 2661 Unused Serialized files (Serialized files now loaded: 0)
System memory in use before: 131.0 MB.
System memory in use after: 130.5 MB.

Unloading 316 unused Assets to reduce memory usage. Loaded Objects now: 4359.
Total: 3.063600 ms (FindLiveObjects: 0.442200 ms CreateObjectMapping: 0.098900 ms MarkObjects: 2.034500 ms  DeleteObjects: 0.486800 ms)

========================================================================
Received Import Request.
  Time since last request: 61.843539 seconds.
  path: Assets/1/Custom_a.mat
  artifactKey: Guid(51feef85c1f50b24c8f9d0541553c473) Importer(815301076,1909f56bfc062723c751e8b465ee728b)
Start importing Assets/1/Custom_a.mat using Guid(51feef85c1f50b24c8f9d0541553c473) Importer(815301076,1909f56bfc062723c751e8b465ee728b)  -> (artifact id: '4e4f066ecdabef0ba692287a3ce99a92') in 0.050882 seconds 
========================================================================
Received Import Request.
  Time since last request: 39.776937 seconds.
  path: Assets/Scenes/1_c.unity
  artifactKey: Guid(8a63f0dd7aa292a4294384383a62ee4a) Importer(815301076,1909f56bfc062723c751e8b465ee728b)
Start importing Assets/Scenes/1_c.unity using Guid(8a63f0dd7aa292a4294384383a62ee4a) Importer(815301076,1909f56bfc062723c751e8b465ee728b)  -> (artifact id: '0f6f910614262eae3a19bb0d12b72c93') in 0.006401 seconds 
========================================================================
Received Prepare
Registering precompiled user dll's ...
Registered in 0.002727 seconds.
Begin MonoManager ReloadAssembly
Native extension for WindowsStandalone target not found
Native extension for WebGL target not found
Refreshing native plugins compatible for Editor in 0.58 ms, found 1 plugins.
Preloading 0 native plugins for Editor in 0.00 ms.
Mono: successfully reloaded assembly
- Completed reload, in  0.846 seconds
Platform modules already initialized, skipping
Shader 'Custom/1': fallback shader 'StandardSpecular' not found
Refreshing native plugins compatible for Editor in 0.58 ms, found 1 plugins.
Preloading 0 native plugins for Editor in 0.00 ms.
Unloading 2661 Unused Serialized files (Serialized files now loaded: 0)
System memory in use before: 124.9 MB.
System memory in use after: 125.2 MB.

Unloading 10 unused Assets to reduce memory usage. Loaded Objects now: 4363.
Total: 2.700300 ms (FindLiveObjects: 0.431400 ms CreateObjectMapping: 0.082600 ms MarkObjects: 2.116600 ms  DeleteObjects: 0.068400 ms)

========================================================================
Received Import Request.
  Time since last request: 213.275162 seconds.
  path: Assets/1/Custom_b.mat
  artifactKey: Guid(5d8aa799c4b73dd4ea7ad00fb9a04586) Importer(815301076,1909f56bfc062723c751e8b465ee728b)
Start importing Assets/1/Custom_b.mat using Guid(5d8aa799c4b73dd4ea7ad00fb9a04586) Importer(815301076,1909f56bfc062723c751e8b465ee728b)  -> (artifact id: 'c0fc49a00f5a59033edfff1a406d9cd7') in 0.050757 seconds 
========================================================================
Received Import Request.
  Time since last request: 17.947128 seconds.
  path: Assets/1/b.shader
  artifactKey: Guid(78094ea240579da42ac4c8b65f02ecf9) Importer(815301076,1909f56bfc062723c751e8b465ee728b)
Start importing Assets/1/b.shader using Guid(78094ea240579da42ac4c8b65f02ecf9) Importer(815301076,1909f56bfc062723c751e8b465ee728b)  -> (artifact id: 'bf2613c689a98cd0e9ff6b21fc8c454e') in 0.002489 seconds 
========================================================================
Received Prepare
Registering precompiled user dll's ...
Registered in 0.002479 seconds.
Begin MonoManager ReloadAssembly
Native extension for WindowsStandalone target not found
Native extension for WebGL target not found
Refreshing native plugins compatible for Editor in 0.58 ms, found 1 plugins.
Preloading 0 native plugins for Editor in 0.00 ms.
Mono: successfully reloaded assembly
- Completed reload, in  0.776 seconds
Platform modules already initialized, skipping
Shader 'Custom/1': fallback shader 'StandardSpecular' not found
Refreshing native plugins compatible for Editor in 0.54 ms, found 1 plugins.
Preloading 0 native plugins for Editor in 0.00 ms.
Unloading 2661 Unused Serialized files (Serialized files now loaded: 0)
System memory in use before: 124.9 MB.
System memory in use after: 125.1 MB.

Unloading 10 unused Assets to reduce memory usage. Loaded Objects now: 4367.
Total: 2.434500 ms (FindLiveObjects: 0.331200 ms CreateObjectMapping: 0.098600 ms MarkObjects: 1.941700 ms  DeleteObjects: 0.062000 ms)

========================================================================
Received Import Request.
  Time since last request: 241.006142 seconds.
  path: Assets/1/Custom_b.mat
  artifactKey: Guid(5d8aa799c4b73dd4ea7ad00fb9a04586) Importer(815301076,1909f56bfc062723c751e8b465ee728b)
Start importing Assets/1/Custom_b.mat using Guid(5d8aa799c4b73dd4ea7ad00fb9a04586) Importer(815301076,1909f56bfc062723c751e8b465ee728b)  -> (artifact id: '9bfa71f59a64c85d5540b49a18e5ab76') in 0.046641 seconds 
========================================================================
Received Import Request.
  Time since last request: 0.000205 seconds.
  path: Assets/1/Custom_c.mat
  artifactKey: Guid(48df86ab7967b0240a92df9350dec87c) Importer(815301076,1909f56bfc062723c751e8b465ee728b)
Start importing Assets/1/Custom_c.mat using Guid(48df86ab7967b0240a92df9350dec87c) Importer(815301076,1909f56bfc062723c751e8b465ee728b)  -> (artifact id: 'b81d64aac9269cd1f4a14f292497e454') in 0.010751 seconds 
========================================================================
Received Import Request.
  Time since last request: 26.441581 seconds.
  path: Assets/extra/compute.unity
  artifactKey: Guid(187d3390fcc2aa747851b4a753214c9b) Importer(815301076,1909f56bfc062723c751e8b465ee728b)
Start importing Assets/extra/compute.unity using Guid(187d3390fcc2aa747851b4a753214c9b) Importer(815301076,1909f56bfc062723c751e8b465ee728b)  -> (artifact id: '7f05526238382a7e0c9dbb4d42721b7f') in 0.005974 seconds 
========================================================================
Received Prepare
Registering precompiled user dll's ...
Registered in 0.002628 seconds.
Begin MonoManager ReloadAssembly
Native extension for WindowsStandalone target not found
Native extension for WebGL target not found
Refreshing native plugins compatible for Editor in 0.68 ms, found 1 plugins.
Preloading 0 native plugins for Editor in 0.00 ms.
Mono: successfully reloaded assembly
- Completed reload, in  0.794 seconds
Platform modules already initialized, skipping
Shader 'Custom/1': fallback shader 'StandardSpecular' not found
Refreshing native plugins compatible for Editor in 0.68 ms, found 1 plugins.
Preloading 0 native plugins for Editor in 0.00 ms.
Unloading 2661 Unused Serialized files (Serialized files now loaded: 0)
System memory in use before: 124.9 MB.
System memory in use after: 125.1 MB.

Unloading 10 unused Assets to reduce memory usage. Loaded Objects now: 4371.
Total: 2.516600 ms (FindLiveObjects: 0.410000 ms CreateObjectMapping: 0.094500 ms MarkObjects: 1.945300 ms  DeleteObjects: 0.065400 ms)

AssetImportWorkerClient::OnTransportError - code=2 error=End of file
